<?xml version="1.0" encoding="UTF-8"?>
<testsuite xmlns:xsi="http://www.w3.org/2001/XMLSchema-instance" xsi:schemaLocation="https://maven.apache.org/surefire/maven-surefire-plugin/xsd/surefire-test-report.xsd" name="com.mulesoft.training.HelloMavenTest" time="5.841" tests="1" errors="0" skipped="0" failures="0">
  <properties>
    <property name="java.runtime.name" value="Java(TM) SE Runtime Environment"/>
    <property name="sun.boot.library.path" value="C:\swdtools\JDK1.8.0_66-X64\jre\bin"/>
    <property name="java.vm.version" value="25.66-b17"/>
    <property name="user.country.format" value="PL"/>
    <property name="java.vm.vendor" value="Oracle Corporation"/>
    <property name="maven.multiModuleProjectDirectory" value="C:\sandbox\MuleSoftTrainingAdvanced\maven-project"/>
    <property name="java.vendor.url" value="http://java.oracle.com/"/>
    <property name="path.separator" value=";"/>
    <property name="guice.disable.misplaced.annotation.check" value="true"/>
    <property name="java.vm.name" value="Java HotSpot(TM) 64-Bit Server VM"/>
    <property name="file.encoding.pkg" value="sun.io"/>
    <property name="user.script" value=""/>
    <property name="user.country" value="US"/>
    <property name="sun.java.launcher" value="SUN_STANDARD"/>
    <property name="sun.os.patch.level" value="Service Pack 1"/>
    <property name="java.vm.specification.name" value="Java Virtual Machine Specification"/>
    <property name="user.dir" value="C:\sandbox\MuleSoftTrainingAdvanced\maven-project"/>
    <property name="java.runtime.version" value="1.8.0_66-b17"/>
    <property name="java.awt.graphicsenv" value="sun.awt.Win32GraphicsEnvironment"/>
    <property name="java.endorsed.dirs" value="C:\swdtools\JDK1.8.0_66-X64\jre\lib\endorsed"/>
    <property name="os.arch" value="amd64"/>
    <property name="java.io.tmpdir" value="C:\Users\43993149\AppData\Local\Temp\"/>
    <property name="line.separator" value="&#10;"/>
    <property name="java.vm.specification.vendor" value="Oracle Corporation"/>
    <property name="user.variant" value=""/>
    <property name="os.name" value="Windows 7"/>
    <property name="classworlds.conf" value="C:\swdtools\apache-maven-3.3.3\bin\m2.conf"/>
    <property name="sun.jnu.encoding" value="Cp1250"/>
    <property name="java.library.path" value="C:\swdtools\JDK1.8.0_66-X64\bin;C:\WINDOWS\Sun\Java\bin;C:\WINDOWS\system32;C:\WINDOWS;C:/swdtools/JDK1.8.0_66-X64/jre/bin/server;C:/swdtools/JDK1.8.0_66-X64/jre/bin;C:/swdtools/JDK1.8.0_66-X64/jre/lib/amd64;C:\Program Files (x86)\git\git1.9.5\bin;C:\WINDOWS\system32;C:\WINDOWS;C:\WINDOWS\System32\Wbem;C:\WINDOWS\System32\WindowsPowerShell\v1.0\;C:\Program Files (x86)\Microsoft Application Virtualization Client;C:\Program Files (x86)\IBM\Lotus\Notes;C:\Program Files (x86)\SafeCom\SafeComPrintClient;C:\Program Files\SafeCom\SafeComAppPrint;C:\Program Files\TortoiseGit\bin;C:\swdtools\nodejs\;C:\SWDTOOLS\Black Duck Software\protexIP\bin\;C:\SWDTOOLS\RTC-scmTools-Win-4.0.7\jazz\scmtools\eclipse;C:\SWDTOOLS\JDK1.8.0_66-X64\bin;C:\swdtools\CloudFoundry;C:\swdtools\apache-maven-3.3.3\bin;C:\Users\43993149\AppData\Roaming\npm;C:\SWDTOOLS\ANYPOINTSTUDIO-6.0.1-X64;;."/>
    <property name="java.specification.name" value="Java Platform API Specification"/>
    <property name="java.class.version" value="52.0"/>
    <property name="sun.management.compiler" value="HotSpot 64-Bit Tiered Compilers"/>
    <property name="os.version" value="6.1"/>
    <property name="user.home" value="C:\Users\43993149"/>
    <property name="user.timezone" value="Europe/Belgrade"/>
    <property name="java.awt.printerjob" value="sun.awt.windows.WPrinterJob"/>
    <property name="java.specification.version" value="1.8"/>
    <property name="file.encoding" value="Cp1250"/>
    <property name="user.name" value="43993149"/>
    <property name="java.class.path" value="C:\swdtools\apache-maven-3.3.3\boot\plexus-classworlds-2.5.2.jar"/>
    <property name="java.vm.specification.version" value="1.8"/>
    <property name="sun.arch.data.model" value="64"/>
    <property name="java.home" value="C:\swdtools\JDK1.8.0_66-X64\jre"/>
    <property name="sun.java.command" value="org.codehaus.plexus.classworlds.launcher.Launcher -B clean package"/>
    <property name="java.specification.vendor" value="Oracle Corporation"/>
    <property name="user.language" value="en"/>
    <property name="user.language.format" value="pl"/>
    <property name="awt.toolkit" value="sun.awt.windows.WToolkit"/>
    <property name="java.vm.info" value="mixed mode"/>
    <property name="java.version" value="1.8.0_66"/>
    <property name="java.ext.dirs" value="C:\swdtools\JDK1.8.0_66-X64\jre\lib\ext;C:\WINDOWS\Sun\Java\lib\ext"/>
    <property name="sun.boot.class.path" value="C:\swdtools\JDK1.8.0_66-X64\jre\lib\resources.jar;C:\swdtools\JDK1.8.0_66-X64\jre\lib\rt.jar;C:\swdtools\JDK1.8.0_66-X64\jre\lib\sunrsasign.jar;C:\swdtools\JDK1.8.0_66-X64\jre\lib\jsse.jar;C:\swdtools\JDK1.8.0_66-X64\jre\lib\jce.jar;C:\swdtools\JDK1.8.0_66-X64\jre\lib\charsets.jar;C:\swdtools\JDK1.8.0_66-X64\jre\lib\jfr.jar;C:\swdtools\JDK1.8.0_66-X64\jre\classes"/>
    <property name="java.vendor" value="Oracle Corporation"/>
    <property name="maven.home" value="C:\swdtools\apache-maven-3.3.3"/>
    <property name="file.separator" value="\"/>
    <property name="java.vendor.url.bug" value="http://bugreport.sun.com/bugreport/"/>
    <property name="sun.cpu.endian" value="little"/>
    <property name="sun.io.unicode.encoding" value="UnicodeLittle"/>
    <property name="sun.desktop" value="windows"/>
    <property name="sun.cpu.isalist" value="amd64"/>
  </properties>
  <testcase name="mavenFlowReturnsHelloMaven" classname="com.mulesoft.training.HelloMavenTest" time="4.648"/>
</testsuite>